  stdafx.cpp
  SimpleGame.cpp
c:\users\hong7\desktop\network_game_programming\simplegame - player\simplegame\simplegame.cpp(71): warning C4244: '인수': 'DWORD'에서 'float'(으)로 변환하면서 데이터가 손실될 수 있습니다.
c:\users\hong7\desktop\network_game_programming\simplegame - player\simplegame\simplegame.cpp(91): warning C4244: '+=': 'double'에서 'int'(으)로 변환하면서 데이터가 손실될 수 있습니다.
c:\users\hong7\desktop\network_game_programming\simplegame - player\simplegame\simplegame.cpp(94): warning C4244: '-=': 'double'에서 'int'(으)로 변환하면서 데이터가 손실될 수 있습니다.
c:\users\hong7\desktop\network_game_programming\simplegame - player\simplegame\simplegame.cpp(96): warning C4244: '-=': 'double'에서 'int'(으)로 변환하면서 데이터가 손실될 수 있습니다.
c:\users\hong7\desktop\network_game_programming\simplegame - player\simplegame\simplegame.cpp(98): warning C4244: '+=': 'double'에서 'int'(으)로 변환하면서 데이터가 손실될 수 있습니다.
  SceneMgr.cpp
c:\users\hong7\desktop\network_game_programming\simplegame - player\simplegame\scenemgr.cpp(39): warning C4244: '=': 'float'에서 'int'(으)로 변환하면서 데이터가 손실될 수 있습니다.
c:\users\hong7\desktop\network_game_programming\simplegame - player\simplegame\scenemgr.cpp(56): warning C4154: 배열 식을 삭제했습니다. 포인터로 변환이 제공됩니다.
c:\users\hong7\desktop\network_game_programming\simplegame - player\simplegame\scenemgr.cpp(90): warning C4244: '=': 'int'에서 'float'(으)로 변환하면서 데이터가 손실될 수 있습니다.
c:\users\hong7\desktop\network_game_programming\simplegame - player\simplegame\scenemgr.cpp(91): warning C4244: '=': 'int'에서 'float'(으)로 변환하면서 데이터가 손실될 수 있습니다.
c:\users\hong7\desktop\network_game_programming\simplegame - player\simplegame\scenemgr.cpp(103): warning C4244: '인수': 'DWORD'에서 'float'(으)로 변환하면서 데이터가 손실될 수 있습니다.
c:\users\hong7\desktop\network_game_programming\simplegame - player\simplegame\scenemgr.cpp(108): warning C4244: '인수': 'DWORD'에서 'float'(으)로 변환하면서 데이터가 손실될 수 있습니다.
c:\users\hong7\desktop\network_game_programming\simplegame - player\simplegame\scenemgr.cpp(318): warning C4244: '=': 'int'에서 'float'(으)로 변환하면서 데이터가 손실될 수 있습니다.
c:\users\hong7\desktop\network_game_programming\simplegame - player\simplegame\scenemgr.cpp(393): warning C4244: '=': 'double'에서 'float'(으)로 변환하면서 데이터가 손실될 수 있습니다.
c:\users\hong7\desktop\network_game_programming\simplegame - player\simplegame\scenemgr.cpp(394): warning C4244: '=': 'double'에서 'float'(으)로 변환하면서 데이터가 손실될 수 있습니다.
c:\users\hong7\desktop\network_game_programming\simplegame - player\simplegame\scenemgr.cpp(396): warning C4244: '=': 'float'에서 'int'(으)로 변환하면서 데이터가 손실될 수 있습니다.
c:\users\hong7\desktop\network_game_programming\simplegame - player\simplegame\scenemgr.cpp(397): warning C4244: '=': 'float'에서 'int'(으)로 변환하면서 데이터가 손실될 수 있습니다.
c:\users\hong7\desktop\network_game_programming\simplegame - player\simplegame\scenemgr.cpp(404): warning C4244: '인수': 'int'에서 'float'(으)로 변환하면서 데이터가 손실될 수 있습니다.
c:\users\hong7\desktop\network_game_programming\simplegame - player\simplegame\scenemgr.cpp(430): warning C4244: '=': 'float'에서 'int'(으)로 변환하면서 데이터가 손실될 수 있습니다.
c:\users\hong7\desktop\network_game_programming\simplegame - player\simplegame\scenemgr.cpp(437): warning C4244: '인수': 'int'에서 'float'(으)로 변환하면서 데이터가 손실될 수 있습니다.
c:\users\hong7\desktop\network_game_programming\simplegame - player\simplegame\scenemgr.cpp(461): warning C4244: '=': 'float'에서 'int'(으)로 변환하면서 데이터가 손실될 수 있습니다.
c:\users\hong7\desktop\network_game_programming\simplegame - player\simplegame\scenemgr.cpp(468): warning C4244: '인수': 'int'에서 'float'(으)로 변환하면서 데이터가 손실될 수 있습니다.
c:\users\hong7\desktop\network_game_programming\simplegame - player\simplegame\scenemgr.cpp(492): warning C4244: '=': 'float'에서 'int'(으)로 변환하면서 데이터가 손실될 수 있습니다.
c:\users\hong7\desktop\network_game_programming\simplegame - player\simplegame\scenemgr.cpp(499): warning C4244: '인수': 'int'에서 'float'(으)로 변환하면서 데이터가 손실될 수 있습니다.
c:\users\hong7\desktop\network_game_programming\simplegame - player\simplegame\scenemgr.cpp(523): warning C4244: '=': 'float'에서 'int'(으)로 변환하면서 데이터가 손실될 수 있습니다.
c:\users\hong7\desktop\network_game_programming\simplegame - player\simplegame\scenemgr.cpp(530): warning C4244: '인수': 'int'에서 'float'(으)로 변환하면서 데이터가 손실될 수 있습니다.
  Renderer.cpp
c:\users\hong7\desktop\network_game_programming\simplegame - player\simplegame\renderer.cpp(125): warning C4267: '=': 'size_t'에서 'GLint'(으)로 변환하면서 데이터가 손실될 수 있습니다.
c:\users\hong7\desktop\network_game_programming\simplegame - player\simplegame\renderer.cpp(527): warning C4018: '<': signed 또는 unsigned가 일치하지 않습니다.
  object.cpp
  LoadPng.cpp
c:\users\hong7\desktop\network_game_programming\simplegame - player\simplegame\loadpng.cpp(800): warning C4334: '<<': 32비트 시프트의 결과가 암시적으로 64비트로 변환됩니다. 64비트 시프트를 사용하시겠습니까?
c:\users\hong7\desktop\network_game_programming\simplegame - player\simplegame\loadpng.cpp(1462): warning C4267: '=': 'size_t'에서 'int'(으)로 변환하면서 데이터가 손실될 수 있습니다.
c:\users\hong7\desktop\network_game_programming\simplegame - player\simplegame\loadpng.cpp(1466): warning C4267: '=': 'size_t'에서 'int'(으)로 변환하면서 데이터가 손실될 수 있습니다.
c:\users\hong7\desktop\network_game_programming\simplegame - player\simplegame\loadpng.cpp(1538): warning C4267: '=': 'size_t'에서 'unsigned int'(으)로 변환하면서 데이터가 손실될 수 있습니다.
c:\users\hong7\desktop\network_game_programming\simplegame - player\simplegame\loadpng.cpp(3483): warning C4334: '<<': 32비트 시프트의 결과가 암시적으로 64비트로 변환됩니다. 64비트 시프트를 사용하시겠습니까?
c:\users\hong7\desktop\network_game_programming\simplegame - player\simplegame\loadpng.cpp(3497): warning C4267: '인수': 'size_t'에서 'unsigned int'(으)로 변환하면서 데이터가 손실될 수 있습니다.
c:\users\hong7\desktop\network_game_programming\simplegame - player\simplegame\loadpng.cpp(4338): warning C4267: '=': 'size_t'에서 'unsigned int'(으)로 변환하면서 데이터가 손실될 수 있습니다.
c:\users\hong7\desktop\network_game_programming\simplegame - player\simplegame\loadpng.cpp(4386): warning C4267: '=': 'size_t'에서 'unsigned int'(으)로 변환하면서 데이터가 손실될 수 있습니다.
c:\users\hong7\desktop\network_game_programming\simplegame - player\simplegame\loadpng.cpp(4466): warning C4267: '=': 'size_t'에서 'unsigned int'(으)로 변환하면서 데이터가 손실될 수 있습니다.
c:\users\hong7\desktop\network_game_programming\simplegame - player\simplegame\loadpng.cpp(5409): warning C4267: '초기화 중': 'size_t'에서 'unsigned int'(으)로 변환하면서 데이터가 손실될 수 있습니다.
  GameFrameWork.cpp
c:\users\hong7\desktop\network_game_programming\simplegame - player\simplegame\gameframework.cpp(24): warning C4996: 'inet_addr': Use inet_pton() or InetPton() instead or define _WINSOCK_DEPRECATED_NO_WARNINGS to disable deprecated API warnings
  c:\program files (x86)\windows kits\10\include\10.0.15063.0\um\winsock2.h(1830): note: 'inet_addr' 선언을 참조하십시오.
c:\users\hong7\desktop\network_game_programming\simplegame - player\simplegame\gameframework.cpp(57): warning C4267: '인수': 'size_t'에서 'int'(으)로 변환하면서 데이터가 손실될 수 있습니다.
c:\users\hong7\desktop\network_game_programming\simplegame - player\simplegame\gameframework.cpp(96): warning C4996: 'inet_ntoa': Use inet_ntop() or InetNtop() instead or define _WINSOCK_DEPRECATED_NO_WARNINGS to disable deprecated API warnings
  c:\program files (x86)\windows kits\10\include\10.0.15063.0\um\winsock2.h(1848): note: 'inet_ntoa' 선언을 참조하십시오.
c:\users\hong7\desktop\network_game_programming\simplegame - player\simplegame\gameframework.cpp(230): warning C4244: '인수': 'float'에서 'DWORD'(으)로 변환하면서 데이터가 손실될 수 있습니다.
c:\users\hong7\desktop\network_game_programming\simplegame - player\simplegame\gameframework.cpp(300): warning C4244: '=': 'int'에서 'float'(으)로 변환하면서 데이터가 손실될 수 있습니다.
c:\users\hong7\desktop\network_game_programming\simplegame - player\simplegame\gameframework.cpp(301): warning C4244: '=': 'int'에서 'float'(으)로 변환하면서 데이터가 손실될 수 있습니다.
  Bullet.cpp
c:\users\hong7\desktop\network_game_programming\simplegame - player\simplegame\bullet.cpp(72): warning C4244: '+=': 'double'에서 'float'(으)로 변환하면서 데이터가 손실될 수 있습니다.
c:\users\hong7\desktop\network_game_programming\simplegame - player\simplegame\bullet.cpp(73): warning C4244: '+=': 'double'에서 'float'(으)로 변환하면서 데이터가 손실될 수 있습니다.
c:\users\hong7\desktop\network_game_programming\simplegame - player\simplegame\bullet.cpp(74): warning C4244: '+=': 'double'에서 'float'(으)로 변환하면서 데이터가 손실될 수 있습니다.
c:\users\hong7\desktop\network_game_programming\simplegame - player\simplegame\bullet.cpp(80): warning C4244: '인수': 'int'에서 'float'(으)로 변환하면서 데이터가 손실될 수 있습니다.
  코드를 생성하고 있습니다...
  SimpleGame.vcxproj -> C:\Users\hong7\Desktop\Network_Game_Programming\SimpleGame - Player\x64\Debug\넷겜플 텀프 Player.exe
