c:\users\choiahdoe\desktop\넷겜 깃 데탑 새로한거\simplegame - player\simplegame\x64\debug\넷겜플 텀프 player.pch
c:\users\choiahdoe\desktop\넷겜 깃 데탑 새로한거\simplegame - player\simplegame\x64\debug\vc141.pdb
c:\users\choiahdoe\desktop\넷겜 깃 데탑 새로한거\simplegame - player\simplegame\x64\debug\vc141.idb
c:\users\choiahdoe\desktop\넷겜 깃 데탑 새로한거\simplegame - player\simplegame\x64\debug\stdafx.obj
c:\users\choiahdoe\desktop\넷겜 깃 데탑 새로한거\simplegame - player\simplegame\x64\debug\bullet.obj
c:\users\choiahdoe\desktop\넷겜 깃 데탑 새로한거\simplegame - player\simplegame\x64\debug\gameframework.obj
c:\users\choiahdoe\desktop\넷겜 깃 데탑 새로한거\simplegame - player\simplegame\x64\debug\loadpng.obj
c:\users\choiahdoe\desktop\넷겜 깃 데탑 새로한거\simplegame - player\simplegame\x64\debug\object.obj
c:\users\choiahdoe\desktop\넷겜 깃 데탑 새로한거\simplegame - player\simplegame\x64\debug\renderer.obj
c:\users\choiahdoe\desktop\넷겜 깃 데탑 새로한거\simplegame - player\simplegame\x64\debug\scenemgr.obj
c:\users\choiahdoe\desktop\넷겜 깃 데탑 새로한거\simplegame - player\simplegame\x64\debug\simplegame.obj
c:\users\choiahdoe\desktop\넷겜 깃 데탑 새로한거\simplegame - player\x64\debug\넷겜플 텀프 player.ilk
c:\users\choiahdoe\desktop\넷겜 깃 데탑 새로한거\simplegame - player\x64\debug\넷겜플 텀프 player.exe
c:\users\choiahdoe\desktop\넷겜 깃 데탑 새로한거\simplegame - player\x64\debug\넷겜플 텀프 player.pdb
c:\users\choiahdoe\desktop\넷겜 깃 데탑 새로한거\simplegame - player\simplegame\x64\debug\넷겜플 텀프 player.tlog\cl.command.1.tlog
c:\users\choiahdoe\desktop\넷겜 깃 데탑 새로한거\simplegame - player\simplegame\x64\debug\넷겜플 텀프 player.tlog\cl.read.1.tlog
c:\users\choiahdoe\desktop\넷겜 깃 데탑 새로한거\simplegame - player\simplegame\x64\debug\넷겜플 텀프 player.tlog\cl.write.1.tlog
c:\users\choiahdoe\desktop\넷겜 깃 데탑 새로한거\simplegame - player\simplegame\x64\debug\넷겜플 텀프 player.tlog\link.command.1.tlog
c:\users\choiahdoe\desktop\넷겜 깃 데탑 새로한거\simplegame - player\simplegame\x64\debug\넷겜플 텀프 player.tlog\link.read.1.tlog
c:\users\choiahdoe\desktop\넷겜 깃 데탑 새로한거\simplegame - player\simplegame\x64\debug\넷겜플 텀프 player.tlog\link.write.1.tlog
