c:\users\곽범식\desktop\network_game_programming\simplegame - enemy\simplegame\x64\debug\넷겜플 텀프 enemy.pch
c:\users\곽범식\desktop\network_game_programming\simplegame - enemy\simplegame\x64\debug\vc141.pdb
c:\users\곽범식\desktop\network_game_programming\simplegame - enemy\simplegame\x64\debug\vc141.idb
c:\users\곽범식\desktop\network_game_programming\simplegame - enemy\simplegame\x64\debug\stdafx.obj
c:\users\곽범식\desktop\network_game_programming\simplegame - enemy\simplegame\x64\debug\bullet.obj
c:\users\곽범식\desktop\network_game_programming\simplegame - enemy\simplegame\x64\debug\gameframework.obj
c:\users\곽범식\desktop\network_game_programming\simplegame - enemy\simplegame\x64\debug\loadpng.obj
c:\users\곽범식\desktop\network_game_programming\simplegame - enemy\simplegame\x64\debug\object.obj
c:\users\곽범식\desktop\network_game_programming\simplegame - enemy\simplegame\x64\debug\renderer.obj
c:\users\곽범식\desktop\network_game_programming\simplegame - enemy\simplegame\x64\debug\scenemgr.obj
c:\users\곽범식\desktop\network_game_programming\simplegame - enemy\simplegame\x64\debug\simplegame.obj
c:\users\곽범식\desktop\network_game_programming\simplegame - enemy\x64\debug\넷겜플 텀프 enemy.ilk
c:\users\곽범식\desktop\network_game_programming\simplegame - enemy\x64\debug\넷겜플 텀프 enemy.exe
c:\users\곽범식\desktop\network_game_programming\simplegame - enemy\x64\debug\넷겜플 텀프 enemy.pdb
c:\users\곽범식\desktop\network_game_programming\simplegame - enemy\simplegame\x64\debug\넷겜플 텀프 enemy.tlog\cl.command.1.tlog
c:\users\곽범식\desktop\network_game_programming\simplegame - enemy\simplegame\x64\debug\넷겜플 텀프 enemy.tlog\cl.read.1.tlog
c:\users\곽범식\desktop\network_game_programming\simplegame - enemy\simplegame\x64\debug\넷겜플 텀프 enemy.tlog\cl.write.1.tlog
c:\users\곽범식\desktop\network_game_programming\simplegame - enemy\simplegame\x64\debug\넷겜플 텀프 enemy.tlog\link.command.1.tlog
c:\users\곽범식\desktop\network_game_programming\simplegame - enemy\simplegame\x64\debug\넷겜플 텀프 enemy.tlog\link.read.1.tlog
c:\users\곽범식\desktop\network_game_programming\simplegame - enemy\simplegame\x64\debug\넷겜플 텀프 enemy.tlog\link.write.1.tlog
