  GameFrameWork.cpp
GameFrameWork.cpp(24): warning C4996: 'inet_addr': Use inet_pton() or InetPton() instead or define _WINSOCK_DEPRECATED_NO_WARNINGS to disable deprecated API warnings
  C:\Program Files (x86)\Windows Kits\10\Include\10.0.15063.0\um\WinSock2.h(1830): note: 'inet_addr' 선언을 참조하십시오.
GameFrameWork.cpp(57): warning C4267: '인수': 'size_t'에서 'int'(으)로 변환하면서 데이터가 손실될 수 있습니다.
GameFrameWork.cpp(96): warning C4996: 'inet_ntoa': Use inet_ntop() or InetNtop() instead or define _WINSOCK_DEPRECATED_NO_WARNINGS to disable deprecated API warnings
  C:\Program Files (x86)\Windows Kits\10\Include\10.0.15063.0\um\WinSock2.h(1848): note: 'inet_ntoa' 선언을 참조하십시오.
GameFrameWork.cpp(230): warning C4244: '인수': 'float'에서 'DWORD'(으)로 변환하면서 데이터가 손실될 수 있습니다.
GameFrameWork.cpp(300): warning C4244: '=': 'int'에서 'float'(으)로 변환하면서 데이터가 손실될 수 있습니다.
GameFrameWork.cpp(301): warning C4244: '=': 'int'에서 'float'(으)로 변환하면서 데이터가 손실될 수 있습니다.
  SceneMgr.cpp
SceneMgr.cpp(39): warning C4244: '=': 'float'에서 'int'(으)로 변환하면서 데이터가 손실될 수 있습니다.
SceneMgr.cpp(56): warning C4154: 배열 식을 삭제했습니다. 포인터로 변환이 제공됩니다.
SceneMgr.cpp(90): warning C4244: '=': 'int'에서 'float'(으)로 변환하면서 데이터가 손실될 수 있습니다.
SceneMgr.cpp(91): warning C4244: '=': 'int'에서 'float'(으)로 변환하면서 데이터가 손실될 수 있습니다.
SceneMgr.cpp(103): warning C4244: '인수': 'DWORD'에서 'float'(으)로 변환하면서 데이터가 손실될 수 있습니다.
SceneMgr.cpp(108): warning C4244: '인수': 'DWORD'에서 'float'(으)로 변환하면서 데이터가 손실될 수 있습니다.
SceneMgr.cpp(318): warning C4244: '=': 'int'에서 'float'(으)로 변환하면서 데이터가 손실될 수 있습니다.
SceneMgr.cpp(393): warning C4244: '=': 'double'에서 'float'(으)로 변환하면서 데이터가 손실될 수 있습니다.
SceneMgr.cpp(394): warning C4244: '=': 'double'에서 'float'(으)로 변환하면서 데이터가 손실될 수 있습니다.
SceneMgr.cpp(396): warning C4244: '=': 'float'에서 'int'(으)로 변환하면서 데이터가 손실될 수 있습니다.
SceneMgr.cpp(397): warning C4244: '=': 'float'에서 'int'(으)로 변환하면서 데이터가 손실될 수 있습니다.
SceneMgr.cpp(404): warning C4244: '인수': 'int'에서 'float'(으)로 변환하면서 데이터가 손실될 수 있습니다.
SceneMgr.cpp(430): warning C4244: '=': 'float'에서 'int'(으)로 변환하면서 데이터가 손실될 수 있습니다.
SceneMgr.cpp(437): warning C4244: '인수': 'int'에서 'float'(으)로 변환하면서 데이터가 손실될 수 있습니다.
SceneMgr.cpp(461): warning C4244: '=': 'float'에서 'int'(으)로 변환하면서 데이터가 손실될 수 있습니다.
SceneMgr.cpp(468): warning C4244: '인수': 'int'에서 'float'(으)로 변환하면서 데이터가 손실될 수 있습니다.
SceneMgr.cpp(492): warning C4244: '=': 'float'에서 'int'(으)로 변환하면서 데이터가 손실될 수 있습니다.
SceneMgr.cpp(499): warning C4244: '인수': 'int'에서 'float'(으)로 변환하면서 데이터가 손실될 수 있습니다.
SceneMgr.cpp(523): warning C4244: '=': 'float'에서 'int'(으)로 변환하면서 데이터가 손실될 수 있습니다.
SceneMgr.cpp(530): warning C4244: '인수': 'int'에서 'float'(으)로 변환하면서 데이터가 손실될 수 있습니다.
  SimpleGame.cpp
SimpleGame.cpp(69): warning C4244: '인수': 'DWORD'에서 'float'(으)로 변환하면서 데이터가 손실될 수 있습니다.
SimpleGame.cpp(89): warning C4244: '+=': 'double'에서 'int'(으)로 변환하면서 데이터가 손실될 수 있습니다.
SimpleGame.cpp(92): warning C4244: '-=': 'double'에서 'int'(으)로 변환하면서 데이터가 손실될 수 있습니다.
SimpleGame.cpp(94): warning C4244: '-=': 'double'에서 'int'(으)로 변환하면서 데이터가 손실될 수 있습니다.
SimpleGame.cpp(96): warning C4244: '+=': 'double'에서 'int'(으)로 변환하면서 데이터가 손실될 수 있습니다.
  object.cpp
  코드를 생성하고 있습니다.
  1 of 422 functions ( 0.2%) were compiled, the rest were copied from previous compilation.
    0 functions were new in current compilation
    5 functions had inline decision re-evaluated but remain unchanged
  코드를 생성했습니다.
  SimpleGame.vcxproj -> C:\Users\hong7\Desktop\Network_Game_Programming\SimpleGame - Player\x64\Release\넷겜플 텀프 Player.exe
